nohup: ignoring input
Traceback (most recent call last):
  File "/groups/icecube/cyan/.local/lib/python3.9/site-packages/lightning_utilities/core/imports.py", line 132, in _check_requirement
    pkg_resources.require(self.requirement)
  File "/groups/icecube/cyan/.local/lib/python3.9/site-packages/pkg_resources/__init__.py", line 977, in require
    needed = self.resolve(parse_requirements(requirements))
  File "/groups/icecube/cyan/.local/lib/python3.9/site-packages/pkg_resources/__init__.py", line 832, in resolve
    dist = self._resolve_dist(
  File "/groups/icecube/cyan/.local/lib/python3.9/site-packages/pkg_resources/__init__.py", line 878, in _resolve_dist
    raise VersionConflict(dist, req).with_context(dependent_req)
pkg_resources.ContextualVersionConflict: (torch 2.4.1+cu124 (/lustre/hpc/icecube/cyan/.local/lib/python3.9/site-packages), Requirement.parse('torch==2.2.0'), {'torchvision'})

During handling of the above exception, another exception occurred:

Traceback (most recent call last):
  File "/lustre/hpc/icecube/cyan/factory/IceCubeTransformer/TrainingDebuggingYard.py", line 9, in <module>
    from pytorch_lightning import Trainer
  File "/groups/icecube/cyan/.local/lib/python3.9/site-packages/pytorch_lightning/__init__.py", line 27, in <module>
    from pytorch_lightning.callbacks import Callback  # noqa: E402
  File "/groups/icecube/cyan/.local/lib/python3.9/site-packages/pytorch_lightning/callbacks/__init__.py", line 14, in <module>
    from pytorch_lightning.callbacks.batch_size_finder import BatchSizeFinder
  File "/groups/icecube/cyan/.local/lib/python3.9/site-packages/pytorch_lightning/callbacks/batch_size_finder.py", line 26, in <module>
    from pytorch_lightning.callbacks.callback import Callback
  File "/groups/icecube/cyan/.local/lib/python3.9/site-packages/pytorch_lightning/callbacks/callback.py", line 22, in <module>
    from pytorch_lightning.utilities.types import STEP_OUTPUT
  File "/groups/icecube/cyan/.local/lib/python3.9/site-packages/pytorch_lightning/utilities/types.py", line 42, in <module>
    from torchmetrics import Metric
  File "/groups/icecube/cyan/.local/lib/python3.9/site-packages/torchmetrics/__init__.py", line 26, in <module>
    from torchmetrics import functional  # noqa: E402
  File "/groups/icecube/cyan/.local/lib/python3.9/site-packages/torchmetrics/functional/__init__.py", line 50, in <module>
    from torchmetrics.functional.detection._deprecated import _panoptic_quality as panoptic_quality
  File "/groups/icecube/cyan/.local/lib/python3.9/site-packages/torchmetrics/functional/detection/__init__.py", line 24, in <module>
    if _TORCHVISION_AVAILABLE and _TORCHVISION_GREATER_EQUAL_0_8:
  File "/groups/icecube/cyan/.local/lib/python3.9/site-packages/lightning_utilities/core/imports.py", line 164, in __bool__
    self._check_available()
  File "/groups/icecube/cyan/.local/lib/python3.9/site-packages/lightning_utilities/core/imports.py", line 158, in _check_available
    self._check_requirement()
  File "/groups/icecube/cyan/.local/lib/python3.9/site-packages/lightning_utilities/core/imports.py", line 142, in _check_requirement
    self.available = module_available(module)
  File "/groups/icecube/cyan/.local/lib/python3.9/site-packages/lightning_utilities/core/imports.py", line 61, in module_available
    importlib.import_module(module_path)
  File "/usr/lib64/python3.9/importlib/__init__.py", line 127, in import_module
    return _bootstrap._gcd_import(name[level:], package, level)
  File "/groups/icecube/cyan/.local/lib/python3.9/site-packages/torchvision/__init__.py", line 6, in <module>
    from torchvision import _meta_registrations, datasets, io, models, ops, transforms, utils
  File "/groups/icecube/cyan/.local/lib/python3.9/site-packages/torchvision/_meta_registrations.py", line 164, in <module>
    def meta_nms(dets, scores, iou_threshold):
  File "/groups/icecube/cyan/.local/lib/python3.9/site-packages/torch/library.py", line 654, in register
    use_lib._register_fake(op_name, func, _stacklevel=stacklevel + 1)
  File "/groups/icecube/cyan/.local/lib/python3.9/site-packages/torch/library.py", line 154, in _register_fake
    handle = entry.abstract_impl.register(func_to_register, source)
  File "/groups/icecube/cyan/.local/lib/python3.9/site-packages/torch/_library/abstract_impl.py", line 31, in register
    if torch._C._dispatch_has_kernel_for_dispatch_key(self.qualname, "Meta"):
RuntimeError: operator torchvision::nms does not exist
